<?xml version="1.0" encoding="UTF-8"?>
<testng-results ignored="0" total="6" passed="6" failed="0" skipped="0">
  <reporter-output>
  </reporter-output>
  <suite started-at="2023-04-16T16:48:28 IST" name="Suite" finished-at="2023-04-16T16:48:50 IST" duration-ms="22353">
    <groups>
    </groups>
    <test started-at="2023-04-16T16:48:28 IST" name="Test" finished-at="2023-04-16T16:48:50 IST" duration-ms="22353">
      <class name="testNG.P4_AmazonDataproviderTestNG">
        <test-method is-config="true" signature="invokeBrowser(int)[pri:0, instance:testNG.P4_AmazonDataproviderTestNG@548d708a]" started-at="2023-04-16T16:48:28 IST" name="invokeBrowser" finished-at="2023-04-16T16:48:31 IST" duration-ms="3130" status="PASS">
          <params>
            <param index="0">
              <value>
                <![CDATA[1]]>
              </value>
            </param>
          </params>
          <reporter-output>
          </reporter-output>
        </test-method> <!-- invokeBrowser -->
        <test-method signature="navigateToUrl(java.lang.String)[pri:1, instance:testNG.P4_AmazonDataproviderTestNG@548d708a]" started-at="2023-04-16T16:48:31 IST" name="navigateToUrl" finished-at="2023-04-16T16:48:34 IST" duration-ms="3477" status="PASS">
          <params>
            <param index="0">
              <value>
                <![CDATA[https://www.amazon.in/]]>
              </value>
            </param>
          </params>
          <reporter-output>
          </reporter-output>
        </test-method> <!-- navigateToUrl -->
        <test-method signature="searchProduct(java.lang.String,java.lang.String)[pri:2, instance:testNG.P4_AmazonDataproviderTestNG@548d708a]" started-at="2023-04-16T16:48:34 IST" name="searchProduct" data-provider="MultiParam" finished-at="2023-04-16T16:48:39 IST" duration-ms="4867" status="PASS">
          <params>
            <param index="0">
              <value>
                <![CDATA[Oneplus]]>
              </value>
            </param>
            <param index="1">
              <value>
                <![CDATA[Electronics]]>
              </value>
            </param>
          </params>
          <reporter-output>
          </reporter-output>
        </test-method> <!-- searchProduct -->
        <test-method signature="searchProduct(java.lang.String,java.lang.String)[pri:2, instance:testNG.P4_AmazonDataproviderTestNG@548d708a]" started-at="2023-04-16T16:48:39 IST" name="searchProduct" data-provider="MultiParam" finished-at="2023-04-16T16:48:42 IST" duration-ms="2534" status="PASS">
          <params>
            <param index="0">
              <value>
                <![CDATA[Iphone]]>
              </value>
            </param>
            <param index="1">
              <value>
                <![CDATA[Electronics]]>
              </value>
            </param>
          </params>
          <reporter-output>
          </reporter-output>
        </test-method> <!-- searchProduct -->
        <test-method signature="resultCount()[pri:4, instance:testNG.P4_AmazonDataproviderTestNG@548d708a]" started-at="2023-04-16T16:48:42 IST" name="resultCount" finished-at="2023-04-16T16:48:42 IST" duration-ms="101" status="PASS">
          <reporter-output>
          </reporter-output>
        </test-method> <!-- resultCount -->
        <test-method signature="amazonSearchResultList()[pri:5, instance:testNG.P4_AmazonDataproviderTestNG@548d708a]" started-at="2023-04-16T16:48:42 IST" name="amazonSearchResultList" finished-at="2023-04-16T16:48:44 IST" duration-ms="1745" status="PASS">
          <reporter-output>
          </reporter-output>
        </test-method> <!-- amazonSearchResultList -->
        <test-method signature="amazonResult()[pri:6, instance:testNG.P4_AmazonDataproviderTestNG@548d708a]" started-at="2023-04-16T16:48:44 IST" name="amazonResult" finished-at="2023-04-16T16:48:45 IST" duration-ms="1023" status="PASS">
          <reporter-output>
          </reporter-output>
        </test-method> <!-- amazonResult -->
        <test-method is-config="true" signature="closeBrowser()[pri:0, instance:testNG.P4_AmazonDataproviderTestNG@548d708a]" started-at="2023-04-16T16:48:45 IST" name="closeBrowser" finished-at="2023-04-16T16:48:50 IST" duration-ms="5417" status="PASS">
          <reporter-output>
          </reporter-output>
        </test-method> <!-- closeBrowser -->
      </class> <!-- testNG.P4_AmazonDataproviderTestNG -->
    </test> <!-- Test -->
  </suite> <!-- Suite -->
</testng-results>
