<?xml version="1.0" encoding="UTF-8"?>
<!-- Generated by org.testng.reporters.JUnitXMLReporter -->
<testsuite ignored="0" hostname="POGONOPHILE" failures="0" tests="5" name="Default test" time="93.268" errors="0" timestamp="2023-04-14T20:21:52 IST">
  <testcase classname="testNG.P2_AmazonTestNG" name="navigateToUrl" time="45.655"/>
  <testcase classname="testNG.P2_AmazonTestNG" name="searchProduct" time="34.394"/>
  <testcase classname="testNG.P2_AmazonTestNG" name="resultCount" time="0.059"/>
  <testcase classname="testNG.P2_AmazonTestNG" name="amazonSearchResultList" time="2.394"/>
  <testcase classname="testNG.P2_AmazonTestNG" name="amazonResult" time="1.352"/>
</testsuite> <!-- Default test -->
