<?xml version="1.0" encoding="UTF-8"?>
<!-- Generated by org.testng.reporters.JUnitXMLReporter -->
<testsuite ignored="0" hostname="POGONOPHILE" failures="0" tests="6" name="Test" time="22.353" errors="0" timestamp="2023-04-16T16:48:50 IST">
  <testcase classname="testNG.P4_AmazonDataproviderTestNG" name="navigateToUrl" time="3.477"/>
  <testcase classname="testNG.P4_AmazonDataproviderTestNG" name="searchProduct" time="4.867"/>
  <testcase classname="testNG.P4_AmazonDataproviderTestNG" name="searchProduct" time="2.534"/>
  <testcase classname="testNG.P4_AmazonDataproviderTestNG" name="resultCount" time="0.101"/>
  <testcase classname="testNG.P4_AmazonDataproviderTestNG" name="amazonSearchResultList" time="1.745"/>
  <testcase classname="testNG.P4_AmazonDataproviderTestNG" name="amazonResult" time="1.023"/>
</testsuite> <!-- Test -->
