<?xml version="1.0" encoding="UTF-8"?>
<!-- Generated by org.testng.reporters.JUnitXMLReporter -->
<testsuite ignored="0" hostname="POGONOPHILE" failures="0" tests="5" name="Test1" time="37.941" errors="0" timestamp="2023-04-16T16:37:47 IST">
  <testcase classname="testNG.P3_AmazonParameterTestNG" name="navigateToUrl" time="12.249"/>
  <testcase classname="testNG.P3_AmazonParameterTestNG" name="searchProduct" time="6.544"/>
  <testcase classname="testNG.P3_AmazonParameterTestNG" name="resultCount" time="4.229"/>
  <testcase classname="testNG.P3_AmazonParameterTestNG" name="amazonSearchResultList" time="3.955"/>
  <testcase classname="testNG.P3_AmazonParameterTestNG" name="amazonResult" time="1.334"/>
</testsuite> <!-- Test1 -->
