<?xml version="1.0" encoding="UTF-8"?>
<!-- Generated by org.testng.reporters.JUnitXMLReporter -->
<testsuite ignored="0" hostname="POGONOPHILE" failures="0" tests="5" name="Test2" time="38.199" errors="0" timestamp="2023-04-16T16:37:47 IST">
  <testcase classname="testNG.P3_AmazonParameterTestNG" name="navigateToUrl" time="16.756"/>
  <testcase classname="testNG.P3_AmazonParameterTestNG" name="searchProduct" time="6.501"/>
  <testcase classname="testNG.P3_AmazonParameterTestNG" name="resultCount" time="0.06"/>
  <testcase classname="testNG.P3_AmazonParameterTestNG" name="amazonSearchResultList" time="3.362"/>
  <testcase classname="testNG.P3_AmazonParameterTestNG" name="amazonResult" time="1.352"/>
</testsuite> <!-- Test2 -->
